<?xml version="1.0" encoding="UTF-8"?>
<!-- Generated by org.testng.reporters.JUnitXMLReporter -->
<testsuite hostname="NAN2DSK0213" ignored="0" tests="1" failures="1" timestamp="02 mai 2017 13:28:14 GMT" time="0.063" errors="0">
  <testcase name="jeutest" time="0.0" classname="JeuTest">
    <failure type="java.lang.AssertionError" message="expected [$(env.str)] but found [OK]">
      <![CDATA[java.lang.AssertionError: expected [$(env.str)] but found [OK]
	at JeuTest.jeutest(JeuTest.java:34)
... Removed 31 stack frames]]>
    </failure>
  </testcase> <!-- jeutest -->
</testsuite>
