<?xml version="1.0" encoding="UTF-8"?>
<testng-results skipped="0" failed="0" ignored="0" total="2" passed="2">
  <reporter-output>
  </reporter-output>
  <suite name="JeuTest" duration-ms="22408" started-at="2017-05-03T09:45:20Z" finished-at="2017-05-03T09:45:42Z">
    <groups>
      <group name="work">
        <method signature="JeuTest.jeutest()[pri:0, instance:JeuTest@5056dfcb]" name="jeutest" class="JeuTest"/>
      </group> <!-- work -->
    </groups>
    <test name="Command line test" duration-ms="22408" started-at="2017-05-03T09:45:20Z" finished-at="2017-05-03T09:45:42Z">
      <class name="JeuTest">
        <test-method status="PASS" signature="setup()[pri:0, instance:JeuTest@5056dfcb]" name="setup" is-config="true" duration-ms="22404" started-at="2017-05-03T11:45:20Z" finished-at="2017-05-03T11:45:42Z">
          <reporter-output>
          </reporter-output>
        </test-method> <!-- setup -->
        <test-method status="PASS" signature="jeutest()[pri:0, instance:JeuTest@5056dfcb]" name="jeutest" duration-ms="1" started-at="2017-05-03T11:45:42Z" finished-at="2017-05-03T11:45:42Z">
          <reporter-output>
          </reporter-output>
        </test-method> <!-- jeutest -->
        <test-method status="PASS" signature="test2()[pri:0, instance:JeuTest@5056dfcb]" name="test2" duration-ms="0" started-at="2017-05-03T11:45:42Z" finished-at="2017-05-03T11:45:42Z">
          <reporter-output>
          </reporter-output>
        </test-method> <!-- test2 -->
      </class> <!-- JeuTest -->
    </test> <!-- Command line test -->
  </suite> <!-- JeuTest -->
</testng-results>
