<?xml version="1.0" encoding="UTF-8"?>
<testng-results skipped="0" failed="0" ignored="0" total="2" passed="2">
  <reporter-output>
  </reporter-output>
  <suite name="TestJenkins" duration-ms="20915" started-at="2017-05-03T09:45:21Z" finished-at="2017-05-03T09:45:42Z">
    <groups>
      <group name="work">
        <method signature="JeuTest.jeutest()[pri:0, instance:JeuTest@38102d01]" name="jeutest" class="JeuTest"/>
      </group> <!-- work -->
    </groups>
    <test name="TestJenkins" duration-ms="20915" started-at="2017-05-03T09:45:21Z" finished-at="2017-05-03T09:45:42Z">
      <class name="JeuTest">
        <test-method status="PASS" signature="setup()[pri:0, instance:JeuTest@38102d01]" name="setup" is-config="true" duration-ms="20914" started-at="2017-05-03T11:45:21Z" finished-at="2017-05-03T11:45:42Z">
          <reporter-output>
          </reporter-output>
        </test-method> <!-- setup -->
        <test-method status="PASS" signature="jeutest()[pri:0, instance:JeuTest@38102d01]" name="jeutest" duration-ms="0" started-at="2017-05-03T11:45:42Z" finished-at="2017-05-03T11:45:42Z">
          <reporter-output>
          </reporter-output>
        </test-method> <!-- jeutest -->
        <test-method status="PASS" signature="test2()[pri:0, instance:JeuTest@38102d01]" name="test2" duration-ms="0" started-at="2017-05-03T11:45:42Z" finished-at="2017-05-03T11:45:42Z">
          <reporter-output>
          </reporter-output>
        </test-method> <!-- test2 -->
      </class> <!-- JeuTest -->
    </test> <!-- TestJenkins -->
  </suite> <!-- TestJenkins -->
</testng-results>
